  baseObject.cpp
  fbxReader.cpp
c:\users\zhangtianrui\source\repos\project1\project1\fbxreader.cpp(16): warning C4018: “<”: 有符号/无符号不匹配
  geometryObject.cpp
  materialObject.cpp
  main.cpp
  imgui.cpp
  imgui_demo.cpp
  imgui_draw.cpp
  imgui_impl_glfw.cpp
  imgui_impl_opengl3.cpp
  imgui_tables.cpp
  imgui_widgets.cpp
  nodesTreeViews.cpp
  正在生成代码...
  gl3w.c
fbxReader.obj : error LNK2019: 无法解析的外部符号 "public: __cdecl Assimp::Importer::Importer(void)" (??0Importer@Assimp@@QEAA@XZ)，该符号在函数 "public: void __cdecl fbxReader::read(void)" (?read@fbxReader@@QEAAXXZ) 中被引用
fbxReader.obj : error LNK2019: 无法解析的外部符号 "public: __cdecl Assimp::Importer::~Importer(void)" (??1Importer@Assimp@@QEAA@XZ)，该符号在函数 "public: void __cdecl fbxReader::read(void)" (?read@fbxReader@@QEAAXXZ) 中被引用
fbxReader.obj : error LNK2019: 无法解析的外部符号 "public: struct aiScene const * __cdecl Assimp::Importer::ReadFile(char const *,unsigned int)" (?ReadFile@Importer@Assimp@@QEAAPEBUaiScene@@PEBDI@Z)，该符号在函数 "public: struct aiScene const * __cdecl Assimp::Importer::ReadFile(class std::basic_string<char,struct std::char_traits<char>,class std::allocator<char> > const &,unsigned int)" (?ReadFile@Importer@Assimp@@QEAAPEBUaiScene@@AEBV?$basic_string@DU?$char_traits@D@std@@V?$allocator@D@2@@std@@I@Z) 中被引用
fbxReader.obj : error LNK2019: 无法解析的外部符号 "public: char const * __cdecl Assimp::Importer::GetErrorString(void)const " (?GetErrorString@Importer@Assimp@@QEBAPEBDXZ)，该符号在函数 "public: void __cdecl fbxReader::read(void)" (?read@fbxReader@@QEAAXXZ) 中被引用
main.obj : error LNK2019: 无法解析的外部符号 glfwInit，该符号在函数 main 中被引用
main.obj : error LNK2019: 无法解析的外部符号 glfwTerminate，该符号在函数 main 中被引用
main.obj : error LNK2019: 无法解析的外部符号 glfwWindowHint，该符号在函数 main 中被引用
main.obj : error LNK2019: 无法解析的外部符号 glfwCreateWindow，该符号在函数 main 中被引用
main.obj : error LNK2019: 无法解析的外部符号 glfwWindowShouldClose，该符号在函数 main 中被引用
main.obj : error LNK2019: 无法解析的外部符号 glfwGetFramebufferSize，该符号在函数 main 中被引用
imgui_impl_glfw.obj : error LNK2001: 无法解析的外部符号 glfwGetFramebufferSize
main.obj : error LNK2019: 无法解析的外部符号 glfwPollEvents，该符号在函数 main 中被引用
main.obj : error LNK2019: 无法解析的外部符号 glfwMakeContextCurrent，该符号在函数 main 中被引用
main.obj : error LNK2019: 无法解析的外部符号 glfwSwapBuffers，该符号在函数 main 中被引用
imgui_impl_glfw.obj : error LNK2019: 无法解析的外部符号 glfwSetErrorCallback，该符号在函数 "bool __cdecl ImGui_ImplGlfw_Init(struct GLFWwindow *,bool,enum GlfwClientApi)" (?ImGui_ImplGlfw_Init@@YA_NPEAUGLFWwindow@@_NW4GlfwClientApi@@@Z) 中被引用
imgui_impl_glfw.obj : error LNK2019: 无法解析的外部符号 glfwSetMonitorCallback，该符号在函数 "bool __cdecl ImGui_ImplGlfw_Init(struct GLFWwindow *,bool,enum GlfwClientApi)" (?ImGui_ImplGlfw_Init@@YA_NPEAUGLFWwindow@@_NW4GlfwClientApi@@@Z) 中被引用
imgui_impl_glfw.obj : error LNK2019: 无法解析的外部符号 glfwGetWindowSize，该符号在函数 "void __cdecl ImGui_ImplGlfw_NewFrame(void)" (?ImGui_ImplGlfw_NewFrame@@YAXXZ) 中被引用
imgui_impl_glfw.obj : error LNK2019: 无法解析的外部符号 glfwGetWindowAttrib，该符号在函数 "void __cdecl ImGui_ImplGlfw_UpdateMousePosAndButtons(void)" (?ImGui_ImplGlfw_UpdateMousePosAndButtons@@YAXXZ) 中被引用
imgui_impl_glfw.obj : error LNK2019: 无法解析的外部符号 glfwSetWindowFocusCallback，该符号在函数 "bool __cdecl ImGui_ImplGlfw_Init(struct GLFWwindow *,bool,enum GlfwClientApi)" (?ImGui_ImplGlfw_Init@@YA_NPEAUGLFWwindow@@_NW4GlfwClientApi@@@Z) 中被引用
imgui_impl_glfw.obj : error LNK2019: 无法解析的外部符号 glfwGetInputMode，该符号在函数 "void __cdecl ImGui_ImplGlfw_UpdateMouseCursor(void)" (?ImGui_ImplGlfw_UpdateMouseCursor@@YAXXZ) 中被引用
imgui_impl_glfw.obj : error LNK2019: 无法解析的外部符号 glfwSetInputMode，该符号在函数 "void __cdecl ImGui_ImplGlfw_UpdateMouseCursor(void)" (?ImGui_ImplGlfw_UpdateMouseCursor@@YAXXZ) 中被引用
imgui_impl_glfw.obj : error LNK2019: 无法解析的外部符号 glfwGetMouseButton，该符号在函数 "void __cdecl ImGui_ImplGlfw_UpdateMousePosAndButtons(void)" (?ImGui_ImplGlfw_UpdateMousePosAndButtons@@YAXXZ) 中被引用
imgui_impl_glfw.obj : error LNK2019: 无法解析的外部符号 glfwGetCursorPos，该符号在函数 "void __cdecl ImGui_ImplGlfw_UpdateMousePosAndButtons(void)" (?ImGui_ImplGlfw_UpdateMousePosAndButtons@@YAXXZ) 中被引用
imgui_impl_glfw.obj : error LNK2019: 无法解析的外部符号 glfwSetCursorPos，该符号在函数 "void __cdecl ImGui_ImplGlfw_UpdateMousePosAndButtons(void)" (?ImGui_ImplGlfw_UpdateMousePosAndButtons@@YAXXZ) 中被引用
imgui_impl_glfw.obj : error LNK2019: 无法解析的外部符号 glfwCreateStandardCursor，该符号在函数 "bool __cdecl ImGui_ImplGlfw_Init(struct GLFWwindow *,bool,enum GlfwClientApi)" (?ImGui_ImplGlfw_Init@@YA_NPEAUGLFWwindow@@_NW4GlfwClientApi@@@Z) 中被引用
imgui_impl_glfw.obj : error LNK2019: 无法解析的外部符号 glfwDestroyCursor，该符号在函数 "void __cdecl ImGui_ImplGlfw_Shutdown(void)" (?ImGui_ImplGlfw_Shutdown@@YAXXZ) 中被引用
imgui_impl_glfw.obj : error LNK2019: 无法解析的外部符号 glfwSetCursor，该符号在函数 "void __cdecl ImGui_ImplGlfw_UpdateMouseCursor(void)" (?ImGui_ImplGlfw_UpdateMouseCursor@@YAXXZ) 中被引用
imgui_impl_glfw.obj : error LNK2019: 无法解析的外部符号 glfwSetKeyCallback，该符号在函数 "bool __cdecl ImGui_ImplGlfw_Init(struct GLFWwindow *,bool,enum GlfwClientApi)" (?ImGui_ImplGlfw_Init@@YA_NPEAUGLFWwindow@@_NW4GlfwClientApi@@@Z) 中被引用
imgui_impl_glfw.obj : error LNK2019: 无法解析的外部符号 glfwSetCharCallback，该符号在函数 "bool __cdecl ImGui_ImplGlfw_Init(struct GLFWwindow *,bool,enum GlfwClientApi)" (?ImGui_ImplGlfw_Init@@YA_NPEAUGLFWwindow@@_NW4GlfwClientApi@@@Z) 中被引用
imgui_impl_glfw.obj : error LNK2019: 无法解析的外部符号 glfwSetMouseButtonCallback，该符号在函数 "bool __cdecl ImGui_ImplGlfw_Init(struct GLFWwindow *,bool,enum GlfwClientApi)" (?ImGui_ImplGlfw_Init@@YA_NPEAUGLFWwindow@@_NW4GlfwClientApi@@@Z) 中被引用
imgui_impl_glfw.obj : error LNK2019: 无法解析的外部符号 glfwSetCursorEnterCallback，该符号在函数 "bool __cdecl ImGui_ImplGlfw_Init(struct GLFWwindow *,bool,enum GlfwClientApi)" (?ImGui_ImplGlfw_Init@@YA_NPEAUGLFWwindow@@_NW4GlfwClientApi@@@Z) 中被引用
imgui_impl_glfw.obj : error LNK2019: 无法解析的外部符号 glfwSetScrollCallback，该符号在函数 "bool __cdecl ImGui_ImplGlfw_Init(struct GLFWwindow *,bool,enum GlfwClientApi)" (?ImGui_ImplGlfw_Init@@YA_NPEAUGLFWwindow@@_NW4GlfwClientApi@@@Z) 中被引用
imgui_impl_glfw.obj : error LNK2019: 无法解析的外部符号 glfwGetJoystickAxes，该符号在函数 "void __cdecl ImGui_ImplGlfw_UpdateGamepads(void)" (?ImGui_ImplGlfw_UpdateGamepads@@YAXXZ) 中被引用
imgui_impl_glfw.obj : error LNK2019: 无法解析的外部符号 glfwGetJoystickButtons，该符号在函数 "void __cdecl ImGui_ImplGlfw_UpdateGamepads(void)" (?ImGui_ImplGlfw_UpdateGamepads@@YAXXZ) 中被引用
imgui_impl_glfw.obj : error LNK2019: 无法解析的外部符号 glfwSetClipboardString，该符号在函数 "void __cdecl ImGui_ImplGlfw_SetClipboardText(void *,char const *)" (?ImGui_ImplGlfw_SetClipboardText@@YAXPEAXPEBD@Z) 中被引用
imgui_impl_glfw.obj : error LNK2019: 无法解析的外部符号 glfwGetClipboardString，该符号在函数 "char const * __cdecl ImGui_ImplGlfw_GetClipboardText(void *)" (?ImGui_ImplGlfw_GetClipboardText@@YAPEBDPEAX@Z) 中被引用
imgui_impl_glfw.obj : error LNK2019: 无法解析的外部符号 glfwGetTime，该符号在函数 "void __cdecl ImGui_ImplGlfw_NewFrame(void)" (?ImGui_ImplGlfw_NewFrame@@YAXXZ) 中被引用
imgui_impl_glfw.obj : error LNK2019: 无法解析的外部符号 glfwGetWin32Window，该符号在函数 "bool __cdecl ImGui_ImplGlfw_Init(struct GLFWwindow *,bool,enum GlfwClientApi)" (?ImGui_ImplGlfw_Init@@YA_NPEAUGLFWwindow@@_NW4GlfwClientApi@@@Z) 中被引用
C:\Users\zhangtianrui\source\repos\Project1\Project1\lib\glfw3.lib : warning LNK4272: 库计算机类型“x86”与目标计算机类型“x64”冲突
C:\Users\zhangtianrui\source\repos\Project1\x64\Debug\openGL_test.exe : fatal error LNK1120: 37 个无法解析的外部命令
